[Mon Nov 18 19:38:55.909198 2019] [ssl:warn] [pid 16832:tid 592] AH01909: www.example.com:443:0 server certificate does NOT include an ID which matches the server name
[Mon Nov 18 19:38:56.132594 2019] [ssl:warn] [pid 16832:tid 592] AH01909: www.example.com:443:0 server certificate does NOT include an ID which matches the server name
[Mon Nov 18 19:38:56.237534 2019] [mpm_winnt:notice] [pid 16832:tid 592] AH00455: Apache/2.4.41 (Win64) OpenSSL/1.1.1c PHP/7.3.11 configured -- resuming normal operations
[Mon Nov 18 19:38:56.237534 2019] [mpm_winnt:notice] [pid 16832:tid 592] AH00456: Apache Lounge VC15 Server built: Aug 11 2019 12:20:04
[Mon Nov 18 19:38:56.237534 2019] [core:notice] [pid 16832:tid 592] AH00094: Command line: 'c:\\users\\cothancael\\desktop\\server2\\apache\\bin\\httpd.exe -d C:/Users/Cothancael/Desktop/server2/apache'
[Mon Nov 18 19:38:56.303497 2019] [mpm_winnt:notice] [pid 16832:tid 592] AH00418: Parent: Created child process 7508
[Mon Nov 18 19:38:57.535443 2019] [ssl:warn] [pid 7508:tid 560] AH01909: www.example.com:443:0 server certificate does NOT include an ID which matches the server name
[Mon Nov 18 19:38:57.720345 2019] [ssl:warn] [pid 7508:tid 560] AH01909: www.example.com:443:0 server certificate does NOT include an ID which matches the server name
[Mon Nov 18 19:38:57.791297 2019] [mpm_winnt:notice] [pid 7508:tid 560] AH00354: Child: Starting 150 worker threads.
[Mon Nov 18 19:54:21.765875 2019] [php7:error] [pid 7508:tid 1884] [client ::1:4891] script 'C:/Users/Cothancael/Desktop/server2/htdocs/xampp/index.php' not found or unable to stat
[Mon Nov 18 19:58:00.953027 2019] [php7:warn] [pid 7508:tid 1876] [client ::1:4927] PHP Warning:  mysqli::__construct(): (HY000/1045): Access denied for user 'root'@'localhost' (using password: YES) in C:\\Users\\Cothancael\\Desktop\\server2\\htdocs\\db_connect.php on line 7
[Mon Nov 18 19:58:00.954027 2019] [php7:warn] [pid 7508:tid 1876] [client ::1:4927] PHP Warning:  mysqli::close(): Couldn't fetch mysqli in C:\\Users\\Cothancael\\Desktop\\server2\\htdocs\\index.php on line 100
[Mon Nov 18 19:58:49.149940 2019] [php7:warn] [pid 7508:tid 1872] [client ::1:4941] PHP Warning:  mysqli::__construct(): (HY000/1045): Access denied for user 'root'@'localhost' (using password: YES) in C:\\Users\\Cothancael\\Desktop\\server2\\htdocs\\db_connect.php on line 7, referer: http://localhost/index.php/
[Mon Nov 18 19:58:49.150941 2019] [php7:warn] [pid 7508:tid 1872] [client ::1:4941] PHP Warning:  mysqli::close(): Couldn't fetch mysqli in C:\\Users\\Cothancael\\Desktop\\server2\\htdocs\\index.php on line 100, referer: http://localhost/index.php/
[Mon Nov 18 19:58:58.971492 2019] [php7:warn] [pid 7508:tid 1876] [client ::1:4942] PHP Warning:  mysqli::__construct(): (HY000/1045): Access denied for user 'root'@'localhost' (using password: YES) in C:\\Users\\Cothancael\\Desktop\\server2\\htdocs\\db_connect.php on line 7, referer: http://localhost/index.php/register_new_user.php
[Mon Nov 18 19:58:58.971492 2019] [php7:warn] [pid 7508:tid 1876] [client ::1:4942] PHP Warning:  mysqli::close(): Couldn't fetch mysqli in C:\\Users\\Cothancael\\Desktop\\server2\\htdocs\\index.php on line 100, referer: http://localhost/index.php/register_new_user.php
[Mon Nov 18 19:59:02.027580 2019] [php7:warn] [pid 7508:tid 1876] [client ::1:4942] PHP Warning:  mysqli::__construct(): (HY000/1045): Access denied for user 'root'@'localhost' (using password: YES) in C:\\Users\\Cothancael\\Desktop\\server2\\htdocs\\db_connect.php on line 7, referer: http://localhost/index.php/register_new_user.php
[Mon Nov 18 19:59:02.028580 2019] [php7:warn] [pid 7508:tid 1876] [client ::1:4942] PHP Warning:  mysqli::close(): Couldn't fetch mysqli in C:\\Users\\Cothancael\\Desktop\\server2\\htdocs\\index.php on line 100, referer: http://localhost/index.php/register_new_user.php
[Mon Nov 18 19:59:03.887300 2019] [php7:warn] [pid 7508:tid 1876] [client ::1:4942] PHP Warning:  mysqli::__construct(): (HY000/1045): Access denied for user 'root'@'localhost' (using password: YES) in C:\\Users\\Cothancael\\Desktop\\server2\\htdocs\\db_connect.php on line 7, referer: http://localhost/index.php/login_form.php
[Mon Nov 18 19:59:03.888299 2019] [php7:warn] [pid 7508:tid 1876] [client ::1:4942] PHP Warning:  mysqli::close(): Couldn't fetch mysqli in C:\\Users\\Cothancael\\Desktop\\server2\\htdocs\\index.php on line 100, referer: http://localhost/index.php/login_form.php
[Mon Nov 18 19:59:10.801868 2019] [php7:warn] [pid 7508:tid 1876] [client ::1:4949] PHP Warning:  mysqli::__construct(): (HY000/1045): Access denied for user 'root'@'localhost' (using password: YES) in C:\\Users\\Cothancael\\Desktop\\server2\\htdocs\\db_connect.php on line 7
[Mon Nov 18 19:59:10.801868 2019] [php7:warn] [pid 7508:tid 1876] [client ::1:4949] PHP Warning:  mysqli::close(): Couldn't fetch mysqli in C:\\Users\\Cothancael\\Desktop\\server2\\htdocs\\register_new_user.php on line 76
[Mon Nov 18 20:12:12.264166 2019] [php7:warn] [pid 7508:tid 1876] [client ::1:5007] PHP Warning:  mysqli::__construct(): (HY000/1045): Access denied for user 'root'@'localhost' (using password: YES) in C:\\Users\\Cothancael\\Desktop\\server2\\htdocs\\db_connect.php on line 7, referer: http://localhost/index.php/login_form.php
[Mon Nov 18 20:12:12.265165 2019] [php7:warn] [pid 7508:tid 1876] [client ::1:5007] PHP Warning:  mysqli::close(): Couldn't fetch mysqli in C:\\Users\\Cothancael\\Desktop\\server2\\htdocs\\index.php on line 100, referer: http://localhost/index.php/login_form.php
[Mon Nov 18 20:12:18.046936 2019] [php7:warn] [pid 7508:tid 1872] [client ::1:5006] PHP Warning:  mysqli::__construct(): (HY000/1045): Access denied for user 'root'@'localhost' (using password: YES) in C:\\Users\\Cothancael\\Desktop\\server2\\htdocs\\db_connect.php on line 7
[Mon Nov 18 20:12:18.046936 2019] [php7:warn] [pid 7508:tid 1872] [client ::1:5006] PHP Warning:  mysqli::close(): Couldn't fetch mysqli in C:\\Users\\Cothancael\\Desktop\\server2\\htdocs\\register_new_user.php on line 76
[Mon Nov 18 20:12:31.450248 2019] [php7:warn] [pid 7508:tid 1872] [client ::1:5013] PHP Warning:  mysqli::__construct(): (HY000/1045): Access denied for user 'root'@'localhost' (using password: YES) in C:\\Users\\Cothancael\\Desktop\\server2\\htdocs\\db_connect.php on line 7, referer: http://localhost/register_new_user.php
[Mon Nov 18 20:12:31.452248 2019] [php7:warn] [pid 7508:tid 1872] [client ::1:5013] PHP Warning:  mysqli::query(): Couldn't fetch mysqli in C:\\Users\\Cothancael\\Desktop\\server2\\htdocs\\process_new_user.php on line 29, referer: http://localhost/register_new_user.php
[Mon Nov 18 20:12:31.452248 2019] [php7:warn] [pid 7508:tid 1872] [client ::1:5013] PHP Warning:  mysqli_error(): Couldn't fetch mysqli in C:\\Users\\Cothancael\\Desktop\\server2\\htdocs\\process_new_user.php on line 29, referer: http://localhost/register_new_user.php
[Tue Nov 19 08:11:26.432546 2019] [php7:warn] [pid 7508:tid 1872] [client ::1:1523] PHP Warning:  mysqli::__construct(): (HY000/1045): Access denied for user 'root'@'localhost' (using password: YES) in C:\\Users\\Cothancael\\Desktop\\server2\\htdocs\\db_connect.php on line 7
[Tue Nov 19 08:11:26.432546 2019] [php7:warn] [pid 7508:tid 1872] [client ::1:1523] PHP Warning:  mysqli::query(): Couldn't fetch mysqli in C:\\Users\\Cothancael\\Desktop\\server2\\htdocs\\process_new_user.php on line 29
[Tue Nov 19 08:11:26.433547 2019] [php7:warn] [pid 7508:tid 1872] [client ::1:1523] PHP Warning:  mysqli_error(): Couldn't fetch mysqli in C:\\Users\\Cothancael\\Desktop\\server2\\htdocs\\process_new_user.php on line 29
[Tue Nov 19 08:11:29.469608 2019] [php7:warn] [pid 7508:tid 1872] [client ::1:1523] PHP Warning:  mysqli::__construct(): (HY000/1045): Access denied for user 'root'@'localhost' (using password: YES) in C:\\Users\\Cothancael\\Desktop\\server2\\htdocs\\db_connect.php on line 7
[Tue Nov 19 08:11:29.470609 2019] [php7:warn] [pid 7508:tid 1872] [client ::1:1523] PHP Warning:  mysqli::query(): Couldn't fetch mysqli in C:\\Users\\Cothancael\\Desktop\\server2\\htdocs\\process_new_user.php on line 29
[Tue Nov 19 08:11:29.471608 2019] [php7:warn] [pid 7508:tid 1872] [client ::1:1523] PHP Warning:  mysqli_error(): Couldn't fetch mysqli in C:\\Users\\Cothancael\\Desktop\\server2\\htdocs\\process_new_user.php on line 29
[Tue Nov 19 08:11:35.339381 2019] [php7:warn] [pid 7508:tid 1876] [client ::1:1522] PHP Warning:  mysqli::__construct(): (HY000/1045): Access denied for user 'root'@'localhost' (using password: YES) in C:\\Users\\Cothancael\\Desktop\\server2\\htdocs\\db_connect.php on line 7
[Tue Nov 19 08:11:35.340385 2019] [php7:warn] [pid 7508:tid 1876] [client ::1:1522] PHP Warning:  mysqli::close(): Couldn't fetch mysqli in C:\\Users\\Cothancael\\Desktop\\server2\\htdocs\\register_new_user.php on line 76
[Tue Nov 19 08:11:39.071669 2019] [php7:warn] [pid 7508:tid 1876] [client ::1:1522] PHP Warning:  mysqli::__construct(): (HY000/1045): Access denied for user 'root'@'localhost' (using password: YES) in C:\\Users\\Cothancael\\Desktop\\server2\\htdocs\\db_connect.php on line 7
[Tue Nov 19 08:11:39.072668 2019] [php7:warn] [pid 7508:tid 1876] [client ::1:1522] PHP Warning:  mysqli::close(): Couldn't fetch mysqli in C:\\Users\\Cothancael\\Desktop\\server2\\htdocs\\register_new_user.php on line 76
[Tue Nov 19 08:13:47.680562 2019] [php7:warn] [pid 7508:tid 1876] [client ::1:1547] PHP Warning:  mysqli::__construct(): (HY000/1045): Access denied for user 'root'@'localhost' (using password: YES) in C:\\Users\\Cothancael\\Desktop\\server2\\htdocs\\db_connect.php on line 7
[Tue Nov 19 08:13:47.681561 2019] [php7:warn] [pid 7508:tid 1876] [client ::1:1547] PHP Warning:  mysqli::close(): Couldn't fetch mysqli in C:\\Users\\Cothancael\\Desktop\\server2\\htdocs\\register_new_user.php on line 76
[Tue Nov 19 08:13:50.719590 2019] [php7:warn] [pid 7508:tid 1876] [client ::1:1547] PHP Warning:  mysqli::__construct(): (HY000/1045): Access denied for user 'root'@'localhost' (using password: YES) in C:\\Users\\Cothancael\\Desktop\\server2\\htdocs\\db_connect.php on line 7
[Tue Nov 19 08:13:50.719590 2019] [php7:warn] [pid 7508:tid 1876] [client ::1:1547] PHP Warning:  mysqli::close(): Couldn't fetch mysqli in C:\\Users\\Cothancael\\Desktop\\server2\\htdocs\\register_new_user.php on line 76
[Tue Nov 19 08:13:52.787581 2019] [php7:warn] [pid 7508:tid 1876] [client ::1:1547] PHP Warning:  mysqli::__construct(): (HY000/1045): Access denied for user 'root'@'localhost' (using password: YES) in C:\\Users\\Cothancael\\Desktop\\server2\\htdocs\\db_connect.php on line 7
[Tue Nov 19 08:13:52.787581 2019] [php7:warn] [pid 7508:tid 1876] [client ::1:1547] PHP Warning:  mysqli::close(): Couldn't fetch mysqli in C:\\Users\\Cothancael\\Desktop\\server2\\htdocs\\register_new_user.php on line 76
[Tue Nov 19 08:22:56.808667 2019] [php7:warn] [pid 7508:tid 1876] [client ::1:1774] PHP Warning:  mysqli::__construct(): (HY000/1045): Access denied for user 'root'@'localhost' (using password: YES) in C:\\Users\\Cothancael\\Desktop\\server2\\htdocs\\db_connect.php on line 7
[Tue Nov 19 08:22:56.809666 2019] [php7:warn] [pid 7508:tid 1876] [client ::1:1774] PHP Warning:  mysqli::close(): Couldn't fetch mysqli in C:\\Users\\Cothancael\\Desktop\\server2\\htdocs\\register_new_user.php on line 76
[Tue Nov 19 08:28:31.712789 2019] [php7:warn] [pid 7508:tid 1872] [client 172.24.35.202:56580] PHP Warning:  mysqli::__construct(): (HY000/1045): Access denied for user 'root'@'localhost' (using password: YES) in C:\\Users\\Cothancael\\Desktop\\server2\\htdocs\\db_connect.php on line 7
[Tue Nov 19 08:28:31.713787 2019] [php7:warn] [pid 7508:tid 1872] [client 172.24.35.202:56580] PHP Warning:  mysqli::close(): Couldn't fetch mysqli in C:\\Users\\Cothancael\\Desktop\\server2\\htdocs\\index.php on line 100
[Tue Nov 19 08:38:58.492395 2019] [php7:warn] [pid 7508:tid 1872] [client 172.24.54.3:59040] PHP Warning:  mysqli::__construct(): (HY000/1045): Access denied for user 'root'@'localhost' (using password: YES) in C:\\Users\\Cothancael\\Desktop\\server2\\htdocs\\db_connect.php on line 7
[Tue Nov 19 08:38:58.493393 2019] [php7:warn] [pid 7508:tid 1872] [client 172.24.54.3:59040] PHP Warning:  mysqli::close(): Couldn't fetch mysqli in C:\\Users\\Cothancael\\Desktop\\server2\\htdocs\\index.php on line 100
[Tue Nov 19 08:49:46.728955 2019] [php7:warn] [pid 7508:tid 1876] [client ::1:7164] PHP Warning:  mysqli::__construct(): (HY000/1049): Unknown database 'mydb' in C:\\Users\\Cothancael\\Desktop\\server2\\htdocs\\db_connect.php on line 7
[Tue Nov 19 08:49:46.728955 2019] [php7:warn] [pid 7508:tid 1876] [client ::1:7164] PHP Warning:  mysqli::close(): Couldn't fetch mysqli in C:\\Users\\Cothancael\\Desktop\\server2\\htdocs\\register_new_user.php on line 76
[Tue Nov 19 08:49:50.717755 2019] [php7:warn] [pid 7508:tid 1876] [client ::1:7164] PHP Warning:  mysqli::__construct(): (HY000/1049): Unknown database 'mydb' in C:\\Users\\Cothancael\\Desktop\\server2\\htdocs\\db_connect.php on line 7
[Tue Nov 19 08:49:50.717755 2019] [php7:warn] [pid 7508:tid 1876] [client ::1:7164] PHP Warning:  mysqli::close(): Couldn't fetch mysqli in C:\\Users\\Cothancael\\Desktop\\server2\\htdocs\\register_new_user.php on line 76
[Tue Nov 19 11:21:17.340040 2019] [php7:warn] [pid 7508:tid 1876] [client ::1:8230] PHP Warning:  mysqli::__construct(): (HY000/1049): Unknown database 'test' in C:\\Users\\Cothancael\\Desktop\\server2\\htdocs\\db_connect.php on line 7
[Tue Nov 19 11:21:17.341040 2019] [php7:warn] [pid 7508:tid 1876] [client ::1:8230] PHP Warning:  mysqli::close(): Couldn't fetch mysqli in C:\\Users\\Cothancael\\Desktop\\server2\\htdocs\\index.php on line 100
[Tue Nov 19 11:21:23.256042 2019] [php7:warn] [pid 7508:tid 1876] [client ::1:8233] PHP Warning:  mysqli::__construct(): (HY000/1049): Unknown database 'test' in C:\\Users\\Cothancael\\Desktop\\server2\\htdocs\\db_connect.php on line 7, referer: http://localhost/index.php
[Tue Nov 19 11:21:23.256042 2019] [php7:warn] [pid 7508:tid 1876] [client ::1:8233] PHP Warning:  mysqli::prepare(): Couldn't fetch mysqli in C:\\Users\\Cothancael\\Desktop\\server2\\htdocs\\search_keyword.php on line 31, referer: http://localhost/index.php
[Tue Nov 19 11:21:23.257041 2019] [php7:error] [pid 7508:tid 1876] [client ::1:8233] PHP Fatal error:  Uncaught Error: Call to a member function bind_param() on bool in C:\\Users\\Cothancael\\Desktop\\server2\\htdocs\\search_keyword.php:32\nStack trace:\n#0 {main}\n  thrown in C:\\Users\\Cothancael\\Desktop\\server2\\htdocs\\search_keyword.php on line 32, referer: http://localhost/index.php
[Tue Nov 19 11:21:43.715001 2019] [php7:warn] [pid 7508:tid 1876] [client ::1:8237] PHP Warning:  mysqli::__construct(): (HY000/1049): Unknown database 'test' in C:\\Users\\Cothancael\\Desktop\\server2\\htdocs\\db_connect.php on line 7
[Tue Nov 19 11:21:43.716001 2019] [php7:warn] [pid 7508:tid 1876] [client ::1:8237] PHP Warning:  mysqli::close(): Couldn't fetch mysqli in C:\\Users\\Cothancael\\Desktop\\server2\\htdocs\\index.php on line 100
[Tue Nov 19 11:22:35.406040 2019] [php7:warn] [pid 7508:tid 1884] [client ::1:8256] PHP Warning:  mysqli::__construct(): (HY000/1049): Unknown database 'test' in C:\\Users\\Cothancael\\Desktop\\server2\\htdocs\\db_connect.php on line 7
[Tue Nov 19 11:22:35.407039 2019] [php7:warn] [pid 7508:tid 1884] [client ::1:8256] PHP Warning:  mysqli::close(): Couldn't fetch mysqli in C:\\Users\\Cothancael\\Desktop\\server2\\htdocs\\index.php on line 100
[Tue Nov 19 13:15:17.394699 2019] [php7:crit] [pid 7508:tid 1880] [client ::1:1265] PHP Parse error:  syntax error, unexpected 'echo' (T_ECHO) in C:\\Users\\Cothancael\\Desktop\\server2\\htdocs\\google_login.php on line 43
[Tue Nov 19 13:15:51.619885 2019] [php7:crit] [pid 7508:tid 1880] [client ::1:1269] PHP Parse error:  syntax error, unexpected ')', expecting ']' in C:\\Users\\Cothancael\\Desktop\\server2\\htdocs\\google_login.php on line 64
[Tue Nov 19 13:16:25.310118 2019] [php7:crit] [pid 7508:tid 1880] [client ::1:1272] PHP Parse error:  syntax error, unexpected '->' (T_OBJECT_OPERATOR) in C:\\Users\\Cothancael\\Desktop\\server2\\htdocs\\google_login.php on line 66
[Tue Nov 19 13:17:08.939626 2019] [php7:warn] [pid 7508:tid 1880] [client ::1:1283] PHP Warning:  require_once(vendor/autoload.php): failed to open stream: No such file or directory in C:\\Users\\Cothancael\\Desktop\\server2\\htdocs\\google_login.php on line 5
[Tue Nov 19 13:17:08.940626 2019] [php7:error] [pid 7508:tid 1880] [client ::1:1283] PHP Fatal error:  require_once(): Failed opening required 'vendor/autoload.php' (include_path='C:\\Users\\Cothancael\\Desktop\\server2\\php\\PEAR') in C:\\Users\\Cothancael\\Desktop\\server2\\htdocs\\google_login.php on line 5
[Tue Nov 19 13:18:09.826187 2019] [php7:warn] [pid 7508:tid 1880] [client ::1:1286] PHP Warning:  require_once(vendor/autoload.php): failed to open stream: No such file or directory in C:\\Users\\Cothancael\\Desktop\\server2\\htdocs\\google_login.php on line 5
[Tue Nov 19 13:18:09.827186 2019] [php7:error] [pid 7508:tid 1880] [client ::1:1286] PHP Fatal error:  require_once(): Failed opening required 'vendor/autoload.php' (include_path='C:\\Users\\Cothancael\\Desktop\\server2\\php\\PEAR') in C:\\Users\\Cothancael\\Desktop\\server2\\htdocs\\google_login.php on line 5
[Tue Nov 19 13:22:01.403060 2019] [php7:error] [pid 7508:tid 1868] [client ::1:1292] PHP Fatal error:  Uncaught Error: Class 'Google_Client' not found in C:\\Users\\Cothancael\\Desktop\\server2\\htdocs\\google_login.php:15\nStack trace:\n#0 {main}\n  thrown in C:\\Users\\Cothancael\\Desktop\\server2\\htdocs\\google_login.php on line 15
[Tue Nov 19 13:23:29.016342 2019] [php7:error] [pid 7508:tid 1880] [client ::1:1297] PHP Fatal error:  Uncaught Error: Class 'Google_Client' not found in C:\\Users\\Cothancael\\Desktop\\server2\\htdocs\\google_login.php:15\nStack trace:\n#0 {main}\n  thrown in C:\\Users\\Cothancael\\Desktop\\server2\\htdocs\\google_login.php on line 15
[Tue Nov 19 13:25:30.843952 2019] [php7:warn] [pid 7508:tid 1880] [client ::1:1322] PHP Warning:  require_once(C:\\Users\\Cothancael\\Desktop\\server2\\php\\pear\\vendor/composer/autoload_real.php): failed to open stream: No such file or directory in C:\\Users\\Cothancael\\Desktop\\server2\\php\\pear\\vendor\\autoload.php on line 5
[Tue Nov 19 13:25:30.844951 2019] [php7:error] [pid 7508:tid 1880] [client ::1:1322] PHP Fatal error:  require_once(): Failed opening required 'C:\\Users\\Cothancael\\Desktop\\server2\\php\\pear\\vendor/composer/autoload_real.php' (include_path='C:\\Users\\Cothancael\\Desktop\\server2\\php\\PEAR') in C:\\Users\\Cothancael\\Desktop\\server2\\php\\pear\\vendor\\autoload.php on line 5
[Tue Nov 19 13:25:49.953899 2019] [php7:warn] [pid 7508:tid 1868] [client ::1:1324] PHP Warning:  require_once(C:\\Users\\Cothancael\\Desktop\\server2\\php\\pear\\vendor/composer/autoload_real.php): failed to open stream: No such file or directory in C:\\Users\\Cothancael\\Desktop\\server2\\php\\pear\\vendor\\autoload.php on line 5
[Tue Nov 19 13:25:49.954868 2019] [php7:error] [pid 7508:tid 1868] [client ::1:1324] PHP Fatal error:  require_once(): Failed opening required 'C:\\Users\\Cothancael\\Desktop\\server2\\php\\pear\\vendor/composer/autoload_real.php' (include_path='C:\\Users\\Cothancael\\Desktop\\server2\\php\\PEAR') in C:\\Users\\Cothancael\\Desktop\\server2\\php\\pear\\vendor\\autoload.php on line 5
[Tue Nov 19 13:26:49.625562 2019] [php7:error] [pid 7508:tid 1880] [client ::1:1326] PHP Fatal error:  Uncaught Error: Class 'Google_Client' not found in C:\\Users\\Cothancael\\Desktop\\server2\\htdocs\\google_login.php:15\nStack trace:\n#0 {main}\n  thrown in C:\\Users\\Cothancael\\Desktop\\server2\\htdocs\\google_login.php on line 15
[Tue Nov 19 13:35:20.134578 2019] [php7:warn] [pid 7508:tid 1868] [client ::1:1347] PHP Warning:  require_once(C:\\Users\\Cothancael\\Desktop\\server2\\php\\pear\\vendor/composer/autoload_real.php): failed to open stream: No such file or directory in C:\\Users\\Cothancael\\Desktop\\server2\\php\\pear\\vendor\\autoload.php on line 5
[Tue Nov 19 13:35:20.135577 2019] [php7:error] [pid 7508:tid 1868] [client ::1:1347] PHP Fatal error:  require_once(): Failed opening required 'C:\\Users\\Cothancael\\Desktop\\server2\\php\\pear\\vendor/composer/autoload_real.php' (include_path='C:\\Users\\Cothancael\\Desktop\\server2\\php\\PEAR') in C:\\Users\\Cothancael\\Desktop\\server2\\php\\pear\\vendor\\autoload.php on line 5
[Tue Nov 19 13:39:14.196853 2019] [php7:warn] [pid 7508:tid 1868] [client ::1:1353] PHP Warning:  require(C:\\Users\\Cothancael\\Desktop\\server2\\php\\pear\\vendor\\composer/ClassLoader.php): failed to open stream: No such file or directory in C:\\Users\\Cothancael\\Desktop\\server2\\php\\pear\\vendor\\composer\\autoload_real.php on line 12
[Tue Nov 19 13:39:14.197852 2019] [php7:error] [pid 7508:tid 1868] [client ::1:1353] PHP Fatal error:  require(): Failed opening required 'C:\\Users\\Cothancael\\Desktop\\server2\\php\\pear\\vendor\\composer/ClassLoader.php' (include_path='C:\\Users\\Cothancael\\Desktop\\server2\\php\\PEAR') in C:\\Users\\Cothancael\\Desktop\\server2\\php\\pear\\vendor\\composer\\autoload_real.php on line 12
[Tue Nov 19 13:43:46.182686 2019] [php7:error] [pid 7508:tid 1868] [client ::1:1361] PHP Fatal error:  Uncaught Error: Class 'Google_Client' not found in C:\\Users\\Cothancael\\Desktop\\server2\\htdocs\\google_login.php:15\nStack trace:\n#0 {main}\n  thrown in C:\\Users\\Cothancael\\Desktop\\server2\\htdocs\\google_login.php on line 15
[Tue Nov 19 16:43:31.807519 2019] [php7:error] [pid 7508:tid 1880] [client ::1:1587] PHP Fatal error:  Uncaught Error: Class 'Google_Client' not found in C:\\Users\\Cothancael\\Desktop\\server2\\htdocs\\google_login.php:15\nStack trace:\n#0 {main}\n  thrown in C:\\Users\\Cothancael\\Desktop\\server2\\htdocs\\google_login.php on line 15
[Tue Nov 19 16:48:15.311711 2019] [php7:error] [pid 7508:tid 1880] [client ::1:1624] PHP Fatal error:  Uncaught Error: Class 'Google_Client' not found in C:\\Users\\Cothancael\\Desktop\\server2\\htdocs\\google_login.php:15\nStack trace:\n#0 {main}\n  thrown in C:\\Users\\Cothancael\\Desktop\\server2\\htdocs\\google_login.php on line 15
[Tue Nov 19 16:54:04.496031 2019] [php7:error] [pid 7508:tid 1868] [client ::1:1659] PHP Fatal error:  Uncaught Error: Class 'Google_Client' not found in C:\\Users\\Cothancael\\Desktop\\server2\\htdocs\\google_login.php:15\nStack trace:\n#0 {main}\n  thrown in C:\\Users\\Cothancael\\Desktop\\server2\\htdocs\\google_login.php on line 15
[Tue Nov 19 16:54:14.957384 2019] [php7:error] [pid 7508:tid 1880] [client ::1:1661] PHP Fatal error:  Uncaught Error: Class 'Google_Client' not found in C:\\Users\\Cothancael\\Desktop\\server2\\htdocs\\google_login.php:15\nStack trace:\n#0 {main}\n  thrown in C:\\Users\\Cothancael\\Desktop\\server2\\htdocs\\google_login.php on line 15
[Tue Nov 19 18:05:44.137862 2019] [php7:error] [pid 7508:tid 1868] [client ::1:1750] PHP Fatal error:  Uncaught Error: Class 'Google_Client' not found in C:\\Users\\Cothancael\\Desktop\\server2\\htdocs\\google_login.php:15\nStack trace:\n#0 {main}\n  thrown in C:\\Users\\Cothancael\\Desktop\\server2\\htdocs\\google_login.php on line 15
[Tue Nov 19 18:39:15.920669 2019] [php7:error] [pid 7508:tid 1880] [client ::1:1940] PHP Fatal error:  Uncaught Error: Class 'Google_Client' not found in C:\\Users\\Cothancael\\Desktop\\server2\\htdocs\\google_login.php:15\nStack trace:\n#0 {main}\n  thrown in C:\\Users\\Cothancael\\Desktop\\server2\\htdocs\\google_login.php on line 15
[Tue Nov 19 18:39:18.424234 2019] [php7:error] [pid 7508:tid 1880] [client ::1:1940] PHP Fatal error:  Uncaught Error: Class 'Google_Client' not found in C:\\Users\\Cothancael\\Desktop\\server2\\htdocs\\google_login.php:15\nStack trace:\n#0 {main}\n  thrown in C:\\Users\\Cothancael\\Desktop\\server2\\htdocs\\google_login.php on line 15
[Tue Nov 19 18:40:39.639861 2019] [php7:error] [pid 7508:tid 1880] [client ::1:1945] PHP Fatal error:  Uncaught Error: Class 'Google_Client' not found in C:\\Users\\Cothancael\\Desktop\\server2\\htdocs\\google_login.php:15\nStack trace:\n#0 {main}\n  thrown in C:\\Users\\Cothancael\\Desktop\\server2\\htdocs\\google_login.php on line 15
[Tue Nov 19 23:13:38.373722 2019] [php7:error] [pid 7508:tid 1880] [client ::1:1230] PHP Fatal error:  Uncaught Error: Class 'Google_Client' not found in C:\\Users\\Cothancael\\Desktop\\server2\\htdocs\\google_login.php:15\nStack trace:\n#0 {main}\n  thrown in C:\\Users\\Cothancael\\Desktop\\server2\\htdocs\\google_login.php on line 15
[Sun Dec 01 20:33:39.941194 2019] [php7:notice] [pid 7508:tid 1868] [client ::1:5368] PHP Notice:  Undefined variable: DBMS_errorFunc in C:\\Users\\Cothancael\\Desktop\\server2\\htdocs\\DVWA-master\\dvwa\\includes\\dvwaPage.inc.php on line 474
